\BOOKMARK [1][-]{section.1}{General overview}{}% 1
\BOOKMARK [2][-]{subsection.1.1}{Harvester module}{section.1}% 2
\BOOKMARK [2][-]{subsection.1.2}{Local repository module}{section.1}% 3
\BOOKMARK [2][-]{subsection.1.3}{Web portal module}{section.1}% 4
\BOOKMARK [1][-]{section.2}{File layout}{}% 5
\BOOKMARK [1][-]{section.3}{Database layout}{}% 6
\BOOKMARK [2][-]{subsection.3.1}{Harvester\046 repository database}{section.3}% 7
\BOOKMARK [2][-]{subsection.3.2}{Web portal database}{section.3}% 8
\BOOKMARK [1][-]{section.4}{Installation process}{}% 9
\BOOKMARK [2][-]{subsection.4.1}{Pre-requisites}{section.4}% 10
\BOOKMARK [2][-]{subsection.4.2}{Installation}{section.4}% 11
\BOOKMARK [2][-]{subsection.4.3}{Database setup}{section.4}% 12
\BOOKMARK [2][-]{subsection.4.4}{Configuration files}{section.4}% 13
\BOOKMARK [2][-]{subsection.4.5}{Apache2}{section.4}% 14
\BOOKMARK [2][-]{subsection.4.6}{Crobtab}{section.4}% 15
\BOOKMARK [1][-]{section.5}{Using the control panel}{}% 16
\BOOKMARK [2][-]{subsection.5.1}{Adding a repository}{section.5}% 17
\BOOKMARK [2][-]{subsection.5.2}{Editing a repository}{section.5}% 18
\BOOKMARK [2][-]{subsection.5.3}{Deleting a repository}{section.5}% 19
\BOOKMARK [1][-]{section.6}{Class summaries}{}% 20
\BOOKMARK [2][-]{subsection.6.1}{Harvester}{section.6}% 21
\BOOKMARK [2][-]{subsection.6.2}{Repository}{section.6}% 22
\BOOKMARK [2][-]{subsection.6.3}{Web portal}{section.6}% 23
\BOOKMARK [1][-]{appendix.A}{Installation package}{}% 24
\BOOKMARK [1][-]{appendix.B}{Database schema}{}% 25
\BOOKMARK [2][-]{subsection.B.1}{Portal database}{appendix.B}% 26
\BOOKMARK [2][-]{subsection.B.2}{repository database}{appendix.B}% 27
